SF:lib/main.dart
DA:14,0
DA:15,0
DA:16,0
DA:17,0
DA:19,0
DA:20,0
DA:21,0
DA:22,0
DA:28,2
DA:30,0
DA:32,0
DA:33,0
DA:34,0
DA:35,0
DA:38,1
DA:40,2
DA:42,0
DA:44,0
DA:48,0
DA:51,0
LF:20
LH:3
end_of_record
SF:lib/core/common/aysnc_value_widget.dart
DA:8,0
DA:12,0
DA:14,0
DA:15,0
DA:16,0
DA:17,0
LF:6
LH:0
end_of_record
SF:lib/core/common/loader_widget.dart
DA:6,5
DA:9,0
DA:11,0
DA:13,0
DA:14,0
DA:15,0
DA:16,0
LF:7
LH:1
end_of_record
SF:lib/core/common/error_message_widget.dart
DA:5,0
DA:7,0
DA:9,0
DA:10,0
DA:11,0
DA:12,0
DA:13,0
DA:14,0
LF:8
LH:0
end_of_record
SF:lib/theme/app_theme.dart
DA:4,0
DA:12,0
DA:26,0
DA:27,0
DA:29,0
DA:30,0
LF:6
LH:0
end_of_record
SF:lib/core/providers/firebase_providers.dart
DA:6,0
DA:7,0
DA:8,0
LF:3
LH:0
end_of_record
SF:lib/core/providers/storage_provider.dart
DA:11,0
DA:12,0
DA:13,0
DA:20,0
DA:23,0
DA:29,0
DA:32,0
DA:36,0
DA:38,0
LF:9
LH:0
end_of_record
SF:lib/core/types/failure.dart
DA:4,0
LF:1
LH:0
end_of_record
SF:lib/core/utils/email_vaildator.dart
DA:1,0
DA:2,0
DA:5,0
LF:3
LH:0
end_of_record
SF:lib/core/utils/general_vaildator.dart
DA:1,0
DA:2,0
LF:2
LH:0
end_of_record
SF:lib/core/utils/name_vaildator.dart
DA:1,0
DA:2,0
DA:5,0
DA:8,0
DA:11,0
LF:5
LH:0
end_of_record
SF:lib/core/utils/number_vaildator.dart
DA:1,0
DA:2,0
DA:6,0
DA:7,0
LF:4
LH:0
end_of_record
SF:lib/core/utils/password_vaildator.dart
DA:1,0
DA:2,0
DA:5,0
DA:8,0
DA:11,0
DA:14,0
DA:17,0
LF:7
LH:0
end_of_record
SF:lib/core/utils/pick_image.dart
DA:3,0
DA:4,0
LF:2
LH:0
end_of_record
SF:lib/core/utils/show_snackbar.dart
DA:3,0
DA:4,0
DA:5,0
DA:6,0
DA:7,0
DA:8,0
DA:15,0
LF:7
LH:0
end_of_record
SF:lib/core/utils/time_ago_since_date.dart
DA:3,0
DA:4,0
DA:5,0
DA:6,0
DA:7,0
DA:8,0
DA:9,0
DA:10,0
DA:11,0
DA:13,0
DA:14,0
DA:15,0
DA:16,0
DA:17,0
DA:18,0
LF:15
LH:0
end_of_record
SF:lib/core/utils/username_vaildator.dart
DA:1,0
DA:2,0
DA:5,0
DA:8,0
DA:11,0
DA:14,0
LF:6
LH:0
end_of_record
SF:lib/features/auth/controller/auth_controller.dart
DA:13,0
DA:15,0
DA:16,0
DA:17,0
DA:18,0
DA:23,0
DA:24,0
DA:25,0
DA:28,0
DA:29,0
DA:30,0
DA:37,0
DA:44,0
DA:46,0
DA:48,0
DA:49,0
DA:52,0
DA:53,0
DA:56,0
DA:63,0
DA:64,0
DA:67,0
DA:68,0
DA:69,0
DA:73,0
DA:78,0
DA:80,0
DA:82,0
DA:83,0
DA:84,0
DA:85,0
DA:86,0
DA:89,0
DA:94,0
DA:96,0
DA:98,0
DA:101,0
DA:103,0
DA:107,0
DA:108,0
DA:109,0
DA:113,0
DA:114,0
DA:116,0
DA:118,0
DA:120,0
DA:121,0
DA:122,0
DA:123,0
DA:124,0
DA:125,0
DA:126,0
DA:131,0
DA:132,0
DA:133,0
LF:55
LH:0
end_of_record
SF:lib/models/user_model.dart
DA:22,0
DA:23,0
LF:2
LH:0
end_of_record
SF:lib/models/user_model.g.dart
DA:10,0
DA:11,0
DA:12,0
DA:13,0
DA:14,0
DA:15,0
DA:19,0
DA:20,0
DA:21,0
DA:22,0
DA:23,0
DA:24,0
LF:12
LH:0
end_of_record
SF:lib/features/auth/repository/auth_repository.dart
DA:12,0
DA:13,0
DA:14,0
DA:15,0
DA:23,0
DA:28,0
DA:29,0
DA:31,0
DA:33,0
DA:34,0
DA:41,0
DA:48,0
DA:51,0
DA:53,0
DA:60,0
DA:62,0
DA:63,0
DA:64,0
DA:66,0
DA:70,0
DA:73,0
DA:75,0
DA:77,0
DA:79,0
DA:80,0
DA:81,0
DA:83,0
DA:87,0
DA:88,0
DA:89,0
DA:93,0
DA:95,0
DA:96,0
DA:97,0
DA:99,0
DA:103,0
DA:104,0
LF:37
LH:0
end_of_record
SF:lib/features/auth/view/signin_screen.dart
DA:13,1
DA:14,0
DA:15,0
DA:24,0
DA:25,0
DA:26,0
DA:27,0
DA:28,0
DA:33,0
DA:35,0
DA:36,0
DA:37,0
DA:40,0
DA:42,0
DA:43,0
DA:44,0
DA:45,0
DA:47,0
DA:49,0
DA:51,0
DA:52,0
DA:53,0
DA:54,0
DA:55,0
DA:57,0
DA:61,0
DA:62,0
DA:67,0
DA:68,0
LF:29
LH:1
end_of_record
SF:lib/features/auth/view/widgets/auth_button.dart
DA:12,0
DA:16,0
DA:18,0
DA:20,0
DA:21,0
DA:26,0
DA:28,0
DA:30,0
DA:31,0
DA:32,0
DA:34,0
DA:35,0
DA:36,0
DA:44,0
LF:14
LH:0
end_of_record
SF:lib/features/auth/view/widgets/custom_textfield.dart
DA:5,0
DA:12,0
DA:20,0
DA:22,0
DA:27,0
DA:28,0
DA:30,0
DA:33,0
DA:34,0
DA:36,0
DA:38,0
DA:39,0
DA:40,0
DA:45,0
DA:46,0
DA:51,0
DA:52,0
DA:57,0
DA:58,0
DA:68,0
DA:74,0
LF:21
LH:0
end_of_record
SF:lib/features/auth/view/widgets/password_field.dart
DA:9,0
DA:12,0
DA:14,0
DA:15,0
DA:21,0
DA:22,0
DA:23,0
DA:27,0
DA:29,0
DA:34,0
DA:35,0
DA:37,0
DA:42,0
DA:43,0
DA:44,0
DA:49,0
DA:50,0
DA:51,0
DA:54,0
DA:56,0
DA:57,0
DA:62,0
DA:63,0
DA:69,0
DA:70,0
DA:75,0
DA:76,0
LF:27
LH:0
end_of_record
SF:lib/features/auth/view/widgets/signup_button.dart
DA:7,1
DA:9,0
DA:10,0
DA:13,0
DA:15,0
DA:17,0
DA:23,0
DA:24,0
LF:8
LH:1
end_of_record
SF:lib/features/auth/view/widgets/welcome_signin_message.dart
DA:7,1
DA:9,0
LF:2
LH:1
end_of_record
SF:lib/features/auth/view/signup_screen.dart
DA:15,1
DA:16,0
DA:17,0
DA:28,0
DA:29,0
DA:30,0
DA:31,0
DA:32,0
DA:33,0
DA:34,0
DA:40,0
DA:42,0
DA:43,0
DA:44,0
DA:45,0
DA:46,0
DA:49,0
DA:51,0
DA:52,0
DA:53,0
DA:54,0
DA:55,0
DA:57,0
DA:59,0
DA:61,0
DA:62,0
DA:63,0
DA:64,0
DA:65,0
DA:67,0
DA:71,0
DA:74,0
DA:78,0
DA:80,0
DA:84,0
DA:85,0
DA:90,0
DA:91,0
LF:38
LH:1
end_of_record
SF:lib/features/auth/view/widgets/signin_button.dart
DA:7,1
DA:11,0
DA:13,0
DA:15,0
DA:16,0
DA:17,0
DA:19,0
DA:21,0
DA:22,0
DA:23,0
LF:10
LH:1
end_of_record
SF:lib/features/auth/view/widgets/welcome_signup_message.dart
DA:7,1
DA:11,0
LF:2
LH:1
end_of_record
SF:lib/features/challenge/controller/challenge_controller.dart
DA:13,0
DA:14,0
DA:15,0
DA:16,0
DA:18,0
DA:21,0
DA:22,0
DA:23,0
DA:26,0
DA:27,0
DA:28,0
DA:29,0
DA:32,0
DA:33,0
DA:34,0
DA:35,0
DA:38,0
DA:39,0
DA:40,0
DA:41,0
DA:49,0
DA:56,0
DA:58,0
DA:64,0
DA:66,0
DA:67,0
DA:68,0
DA:69,0
DA:74,0
DA:78,0
DA:81,0
DA:82,0
DA:83,0
DA:84,0
DA:85,0
DA:86,0
DA:90,0
DA:95,0
DA:97,0
DA:98,0
DA:99,0
DA:104,0
DA:107,0
DA:110,0
DA:112,0
DA:113,0
DA:114,0
DA:115,0
DA:119,0
DA:123,0
DA:125,0
DA:127,0
DA:131,0
DA:133,0
DA:134,0
DA:135,0
DA:136,0
DA:140,0
DA:141,0
DA:144,0
DA:145,0
DA:148,0
DA:149,0
DA:152,0
DA:153,0
LF:65
LH:0
end_of_record
SF:lib/models/challenge.dart
DA:20,0
DA:21,0
LF:2
LH:0
end_of_record
SF:lib/models/challenge.g.dart
DA:10,0
DA:11,0
DA:12,0
DA:13,0
DA:14,0
DA:15,0
DA:16,0
DA:17,0
DA:18,0
DA:19,0
DA:23,0
DA:24,0
DA:25,0
DA:26,0
DA:27,0
DA:28,0
DA:29,0
DA:30,0
DA:31,0
LF:19
LH:0
end_of_record
SF:lib/models/comment.dart
DA:18,0
DA:19,0
LF:2
LH:0
end_of_record
SF:lib/models/comment.g.dart
DA:10,0
DA:11,0
DA:12,0
DA:13,0
DA:14,0
DA:15,0
DA:19,0
DA:20,0
DA:21,0
DA:22,0
DA:23,0
DA:24,0
DA:25,0
LF:13
LH:0
end_of_record
SF:lib/features/challenge/repository/challenge_repository.dart
DA:12,0
DA:13,0
DA:14,0
DA:20,0
DA:23,0
DA:24,0
DA:25,0
DA:26,0
DA:28,0
DA:30,0
DA:31,0
DA:32,0
DA:34,0
DA:38,0
DA:40,0
DA:41,0
DA:42,0
DA:44,0
DA:49,0
DA:50,0
DA:51,0
DA:52,0
DA:53,0
DA:57,0
DA:58,0
DA:59,0
DA:60,0
DA:61,0
DA:62,0
DA:63,0
DA:64,0
DA:68,0
DA:69,0
DA:70,0
DA:71,0
DA:72,0
DA:73,0
DA:74,0
DA:75,0
DA:79,0
DA:80,0
DA:81,0
DA:85,0
DA:88,0
DA:89,0
DA:91,0
DA:92,0
DA:94,0
LF:48
LH:0
end_of_record
SF:lib/features/challenge/view/challenge_screen.dart
DA:12,0
DA:14,0
DA:15,0
DA:16,0
DA:17,0
DA:21,0
DA:24,0
DA:26,0
DA:27,0
DA:28,0
DA:31,0
DA:32,0
DA:33,0
DA:34,0
DA:36,0
DA:37,0
DA:39,0
DA:40,0
LF:18
LH:0
end_of_record
SF:lib/features/challenge/view/widgets/challenge_comments.dart
DA:15,0
DA:20,0
DA:21,0
DA:24,0
DA:26,0
DA:28,0
DA:30,0
DA:31,0
DA:36,0
DA:37,0
DA:38,0
DA:39,0
DA:40,0
DA:42,0
DA:43,0
DA:44,0
DA:54,0
DA:56,0
DA:58,0
DA:59,0
DA:60,0
DA:61,0
DA:70,0
DA:71,0
DA:72,0
DA:73,0
DA:74,0
DA:75,0
DA:76,0
DA:78,0
DA:79,0
DA:83,0
DA:85,0
DA:86,0
DA:87,0
DA:95,0
DA:96,0
DA:109,0
DA:111,0
DA:112,0
DA:121,0
DA:123,0
DA:140,0
DA:141,0
LF:44
LH:0
end_of_record
SF:lib/features/challenge/view/widgets/comment_textfield.dart
DA:12,0
DA:14,0
DA:15,0
DA:16,0
DA:17,0
DA:21,0
DA:24,0
DA:26,0
DA:28,0
DA:30,0
DA:32,0
DA:33,0
DA:34,0
DA:35,0
DA:44,0
DA:45,0
DA:46,0
DA:47,0
DA:48,0
DA:57,0
DA:58,0
DA:59,0
DA:78,0
DA:79,0
LF:24
LH:0
end_of_record
SF:lib/features/challenge/view/widgets/challenge_details_widget.dart
DA:11,0
DA:13,0
DA:15,0
DA:17,0
DA:19,0
DA:20,0
LF:6
LH:0
end_of_record
SF:lib/features/challenge/view/challenges_screen.dart
DA:8,1
DA:10,0
DA:11,0
DA:14,0
DA:16,0
DA:17,0
DA:21,0
DA:23,0
DA:24,0
LF:9
LH:1
end_of_record
SF:lib/features/challenge/view/widgets/all_challenges.dart
DA:10,1
DA:12,0
DA:14,0
DA:16,0
DA:18,0
DA:19,0
DA:22,0
DA:23,0
DA:24,0
DA:25,0
DA:26,0
LF:11
LH:1
end_of_record
SF:lib/features/challenge/view/create_challenge_screen.dart
DA:12,0
DA:20,0
DA:21,0
DA:22,0
DA:24,0
DA:25,0
DA:26,0
DA:31,0
DA:33,0
DA:34,0
DA:37,0
DA:38,0
DA:39,0
DA:40,0
DA:42,0
DA:43,0
DA:44,0
DA:45,0
DA:46,0
DA:48,0
DA:52,0
DA:54,0
DA:57,0
DA:59,0
DA:66,0
DA:67,0
LF:26
LH:0
end_of_record
SF:lib/features/challenge/view/widgets/create_button.dart
DA:12,0
DA:16,0
DA:18,0
DA:20,0
DA:21,0
DA:26,0
DA:28,0
DA:30,0
DA:31,0
DA:32,0
DA:34,0
DA:35,0
DA:36,0
DA:44,0
LF:14
LH:0
end_of_record
SF:lib/features/challenge/view/widgets/callenge_card.dart
DA:14,0
DA:19,0
DA:22,0
DA:23,0
DA:24,0
DA:33,0
DA:34,0
DA:35,0
DA:37,0
DA:41,0
DA:42,0
DA:43,0
DA:44,0
DA:45,0
DA:46,0
DA:56,0
DA:58,0
DA:59,0
DA:61,0
DA:62,0
DA:63,0
DA:77,0
DA:79,0
DA:80,0
DA:83,0
DA:84,0
DA:91,0
DA:92,0
LF:28
LH:0
end_of_record
SF:lib/features/challenge/view/widgets/user_details_widget.dart
DA:10,0
DA:12,0
DA:13,0
DA:16,0
DA:18,0
DA:19,0
DA:20,0
DA:21,0
DA:22,0
DA:24,0
DA:27,0
DA:28,0
LF:12
LH:0
end_of_record
SF:lib/features/challenge/view/widgets/challenge_details_card.dart
DA:15,0
DA:17,0
DA:25,0
DA:26,0
DA:31,0
DA:34,0
DA:44,0
DA:45,0
DA:48,0
DA:50,0
DA:51,0
DA:52,0
DA:53,0
DA:62,0
DA:64,0
DA:65,0
DA:67,0
DA:68,0
DA:69,0
DA:83,0
DA:86,0
DA:87,0
DA:88,0
DA:89,0
DA:95,0
DA:96,0
DA:106,0
DA:107,0
DA:113,0
DA:114,0
DA:125,0
DA:127,0
DA:128,0
DA:138,0
DA:140,0
DA:141,0
LF:36
LH:0
end_of_record
SF:lib/features/home/view/home_screen.dart
DA:8,0
DA:11,0
DA:15,0
DA:16,0
DA:18,0
DA:22,0
DA:24,0
DA:25,0
DA:26,0
DA:33,0
DA:34,0
LF:11
LH:0
end_of_record
SF:lib/features/home/view/widgets/active_icon.dart
DA:8,1
DA:11,0
DA:13,0
DA:15,0
DA:22,0
LF:5
LH:1
end_of_record
SF:lib/features/profile/view/profile_screen.dart
DA:14,1
DA:19,0
DA:20,0
DA:23,0
DA:24,0
DA:25,0
DA:28,0
DA:31,0
DA:33,0
DA:34,0
DA:35,0
DA:36,0
DA:38,0
DA:39,0
DA:40,0
DA:41,0
DA:47,0
DA:48,0
DA:49,0
DA:50,0
DA:51,0
DA:65,0
LF:22
LH:1
end_of_record
SF:lib/features/profile/view/widgets/my_challenges.dart
DA:11,0
DA:13,0
DA:15,0
DA:17,0
DA:19,0
DA:20,0
DA:23,0
DA:24,0
DA:25,0
DA:26,0
DA:27,0
DA:28,0
LF:12
LH:0
end_of_record
SF:lib/features/profile/view/widgets/profile_information.dart
DA:15,0
DA:18,0
DA:19,0
DA:22,0
DA:25,0
DA:26,0
DA:27,0
DA:30,0
DA:31,0
DA:34,0
DA:36,0
DA:45,0
DA:46,0
DA:47,0
DA:49,0
DA:50,0
DA:54,0
DA:55,0
DA:56,0
DA:59,0
DA:60,0
DA:61,0
DA:62,0
DA:63,0
DA:64,0
DA:70,0
DA:71,0
DA:73,0
DA:74,0
DA:75,0
DA:79,0
DA:80,0
DA:95,0
DA:97,0
LF:34
LH:0
end_of_record
SF:lib/features/profile/view/update_profile_screen.dart
DA:16,1
DA:18,0
DA:20,0
DA:28,0
DA:30,0
DA:31,0
DA:32,0
DA:35,0
DA:36,0
DA:40,0
DA:41,0
DA:45,0
DA:46,0
DA:47,0
DA:48,0
DA:53,0
DA:55,0
DA:56,0
DA:58,0
DA:61,0
DA:62,0
DA:63,0
DA:65,0
DA:66,0
DA:67,0
DA:68,0
DA:69,0
DA:72,0
DA:73,0
DA:74,0
DA:76,0
DA:77,0
DA:78,0
DA:79,0
DA:85,0
DA:88,0
DA:91,0
DA:92,0
DA:94,0
DA:95,0
DA:104,0
DA:105,0
DA:106,0
DA:107,0
DA:109,0
DA:111,0
DA:113,0
DA:117,0
DA:118,0
DA:123,0
DA:124,0
LF:51
LH:1
end_of_record
SF:lib/features/profile/view/widgets/update_button.dart
DA:13,0
DA:17,0
DA:19,0
DA:21,0
DA:22,0
DA:27,0
DA:29,0
DA:31,0
DA:32,0
DA:33,0
DA:35,0
DA:36,0
DA:37,0
DA:45,0
LF:14
LH:0
end_of_record
SF:lib/features/profile/view/widgets/my_challenge_card.dart
DA:10,0
DA:15,0
DA:16,0
DA:19,0
DA:21,0
DA:22,0
DA:23,0
DA:26,0
DA:27,0
DA:28,0
DA:29,0
DA:30,0
DA:31,0
DA:40,0
DA:42,0
DA:43,0
DA:45,0
DA:46,0
DA:47,0
DA:61,0
DA:62,0
DA:63,0
DA:64,0
DA:71,0
DA:72,0
LF:25
LH:0
end_of_record
SF:lib/firebase_options.dart
DA:18,0
DA:20,0
DA:25,0
DA:26,0
DA:28,0
DA:30,0
DA:31,0
DA:35,0
DA:36,0
DA:40,0
DA:41,0
DA:46,0
LF:12
LH:0
end_of_record
SF:lib/routing/route.dart
DA:15,3
DA:16,0
DA:17,0
DA:18,0
DA:20,0
DA:22,0
DA:24,0
DA:26,0
DA:27,0
DA:28,0
DA:30,0
DA:42,0
DA:43,0
DA:44,0
DA:45,0
DA:47,0
DA:48,0
DA:50,0
DA:51,0
DA:53,0
DA:56,0
DA:57,0
DA:59,0
DA:60,0
DA:61,0
DA:64,0
DA:66,0
DA:67,0
DA:69,0
DA:73,0
DA:75,0
DA:76,0
DA:77,0
DA:84,0
DA:86,0
DA:87,0
DA:89,0
DA:92,0
DA:93,0
DA:95,0
DA:96,0
DA:97,0
DA:100,0
DA:103,0
DA:113,0
DA:115,0
DA:117,0
DA:119,0
LF:48
LH:1
end_of_record
